Started by user Johannes Bayerl
Running as SYSTEM
Building in workspace /var/jenkins_home/workspace/eCommerceApplication
The recommended git tool is: NONE
using credential 9e84c9b4-d7f6-490b-b411-467dc3977316
 > git rev-parse --resolve-git-dir /var/jenkins_home/workspace/eCommerceApplication/.git # timeout=10
Fetching changes from the remote Git repository
 > git config remote.origin.url https://github.com/jmba/nd035-c4-Security-and-DevOps.git # timeout=10
Fetching upstream changes from https://github.com/jmba/nd035-c4-Security-and-DevOps.git
 > git --version # timeout=10
 > git --version # 'git version 2.26.3'
using GIT_SSH to set credentials 
 > git fetch --tags --force --progress -- https://github.com/jmba/nd035-c4-Security-and-DevOps.git +refs/heads/*:refs/remotes/origin/* # timeout=10
 > git rev-parse refs/remotes/origin/master^{commit} # timeout=10
Checking out Revision 108b9df9cdc17520c640d7e54645bd3e89e3cd33 (refs/remotes/origin/master)
 > git config core.sparsecheckout # timeout=10
 > git checkout -f 108b9df9cdc17520c640d7e54645bd3e89e3cd33 # timeout=10
Commit message: "Added tests."
 > git rev-list --no-walk fc5399111a6a73ca8975a09bd8bcfeca47840995 # timeout=10
[eCommerceApplication] $ mvn -f starter_code/pom.xml package
[INFO] Scanning for projects...
[INFO] 
[INFO] ----------------------< com.example:auth-course >-----------------------
[INFO] Building auth-course 0.0.1-SNAPSHOT
[INFO] --------------------------------[ war ]---------------------------------
[INFO] 
[INFO] --- maven-resources-plugin:3.1.0:resources (default-resources) @ auth-course ---
[INFO] Using 'UTF-8' encoding to copy filtered resources.
[INFO] Copying 1 resource
[INFO] Copying 1 resource
[INFO] 
[INFO] --- maven-compiler-plugin:3.8.1:compile (default-compile) @ auth-course ---
[INFO] Changes detected - recompiling the module!
[INFO] Compiling 20 source files to /var/jenkins_home/workspace/eCommerceApplication/starter_code/target/classes
[INFO] 
[INFO] --- maven-resources-plugin:3.1.0:testResources (default-testResources) @ auth-course ---
[INFO] Using 'UTF-8' encoding to copy filtered resources.
[INFO] skip non existing resourceDirectory /var/jenkins_home/workspace/eCommerceApplication/starter_code/src/test/resources
[INFO] 
[INFO] --- maven-compiler-plugin:3.8.1:testCompile (default-testCompile) @ auth-course ---
[INFO] Changes detected - recompiling the module!
[INFO] Compiling 6 source files to /var/jenkins_home/workspace/eCommerceApplication/starter_code/target/test-classes
[INFO] 
[INFO] --- maven-surefire-plugin:2.22.2:test (default-test) @ auth-course ---
[INFO] 
[INFO] -------------------------------------------------------
[INFO]  T E S T S
[INFO] -------------------------------------------------------
[INFO] Running com.example.demo.controller.UserControllerTest
[INFO] Tests run: 3, Failures: 0, Errors: 0, Skipped: 0, Time elapsed: 0.892 s - in com.example.demo.controller.UserControllerTest
[INFO] Running com.example.demo.controller.OderControllerTest
[INFO] Tests run: 2, Failures: 0, Errors: 0, Skipped: 0, Time elapsed: 0.032 s - in com.example.demo.controller.OderControllerTest
[INFO] Running com.example.demo.controller.ItemControllerTest
[INFO] Tests run: 2, Failures: 0, Errors: 0, Skipped: 0, Time elapsed: 0.075 s - in com.example.demo.controller.ItemControllerTest
[INFO] Running com.example.demo.controller.CartControllerTest
[INFO] Tests run: 2, Failures: 0, Errors: 0, Skipped: 0, Time elapsed: 0.018 s - in com.example.demo.controller.CartControllerTest
[INFO] Running com.example.demo.SareetaApplicationTests
12:22:51.981 [main] DEBUG org.springframework.test.context.junit4.SpringJUnit4ClassRunner - SpringJUnit4ClassRunner constructor called with [class com.example.demo.SareetaApplicationTests]
12:22:51.987 [main] DEBUG org.springframework.test.context.BootstrapUtils - Instantiating CacheAwareContextLoaderDelegate from class [org.springframework.test.context.cache.DefaultCacheAwareContextLoaderDelegate]
12:22:52.001 [main] DEBUG org.springframework.test.context.BootstrapUtils - Instantiating BootstrapContext using constructor [public org.springframework.test.context.support.DefaultBootstrapContext(java.lang.Class,org.springframework.test.context.CacheAwareContextLoaderDelegate)]
12:22:52.040 [main] DEBUG org.springframework.test.context.BootstrapUtils - Instantiating TestContextBootstrapper for test class [com.example.demo.SareetaApplicationTests] from class [org.springframework.boot.test.context.SpringBootTestContextBootstrapper]
12:22:52.061 [main] INFO org.springframework.boot.test.context.SpringBootTestContextBootstrapper - Neither @ContextConfiguration nor @ContextHierarchy found for test class [com.example.demo.SareetaApplicationTests], using SpringBootContextLoader
12:22:52.068 [main] DEBUG org.springframework.test.context.support.AbstractContextLoader - Did not detect default resource location for test class [com.example.demo.SareetaApplicationTests]: class path resource [com/example/demo/SareetaApplicationTests-context.xml] does not exist
12:22:52.070 [main] DEBUG org.springframework.test.context.support.AbstractContextLoader - Did not detect default resource location for test class [com.example.demo.SareetaApplicationTests]: class path resource [com/example/demo/SareetaApplicationTestsContext.groovy] does not exist
12:22:52.071 [main] INFO org.springframework.test.context.support.AbstractContextLoader - Could not detect default resource locations for test class [com.example.demo.SareetaApplicationTests]: no resource found for suffixes {-context.xml, Context.groovy}.
12:22:52.073 [main] INFO org.springframework.test.context.support.AnnotationConfigContextLoaderUtils - Could not detect default configuration classes for test class [com.example.demo.SareetaApplicationTests]: SareetaApplicationTests does not declare any static, non-private, non-final, nested classes annotated with @Configuration.
12:22:52.158 [main] DEBUG org.springframework.test.context.support.ActiveProfilesUtils - Could not find an 'annotation declaring class' for annotation type [org.springframework.test.context.ActiveProfiles] and class [com.example.demo.SareetaApplicationTests]
12:22:52.328 [main] DEBUG org.springframework.context.annotation.ClassPathScanningCandidateComponentProvider - Identified candidate component class: file [/var/jenkins_home/workspace/eCommerceApplication/starter_code/target/classes/com/example/demo/SareetaApplication.class]
12:22:52.330 [main] INFO org.springframework.boot.test.context.SpringBootTestContextBootstrapper - Found @SpringBootConfiguration com.example.demo.SareetaApplication for test class com.example.demo.SareetaApplicationTests
12:22:52.452 [main] DEBUG org.springframework.boot.test.context.SpringBootTestContextBootstrapper - @TestExecutionListeners is not present for class [com.example.demo.SareetaApplicationTests]: using defaults.
12:22:52.453 [main] INFO org.springframework.boot.test.context.SpringBootTestContextBootstrapper - Loaded default TestExecutionListener class names from location [META-INF/spring.factories]: [org.springframework.security.test.context.support.WithSecurityContextTestExecutionListener, org.springframework.security.test.context.support.ReactorContextTestExecutionListener, org.springframework.test.context.web.ServletTestExecutionListener, org.springframework.test.context.support.DirtiesContextBeforeModesTestExecutionListener, org.springframework.test.context.support.DependencyInjectionTestExecutionListener, org.springframework.test.context.support.DirtiesContextTestExecutionListener, org.springframework.test.context.transaction.TransactionalTestExecutionListener, org.springframework.test.context.jdbc.SqlScriptsTestExecutionListener, org.springframework.boot.test.mock.mockito.MockitoTestExecutionListener, org.springframework.boot.test.mock.mockito.ResetMocksTestExecutionListener, org.springframework.boot.test.autoconfigure.restdocs.RestDocsTestExecutionListener, org.springframework.boot.test.autoconfigure.web.client.MockRestServiceServerResetTestExecutionListener, org.springframework.boot.test.autoconfigure.web.servlet.MockMvcPrintOnlyOnFailureTestExecutionListener, org.springframework.boot.test.autoconfigure.web.servlet.WebDriverTestExecutionListener]
12:22:52.488 [main] INFO org.springframework.boot.test.context.SpringBootTestContextBootstrapper - Using TestExecutionListeners: [org.springframework.test.context.web.ServletTestExecutionListener@62dae540, org.springframework.test.context.support.DirtiesContextBeforeModesTestExecutionListener@5827af16, org.springframework.boot.test.mock.mockito.MockitoTestExecutionListener@654d8173, org.springframework.boot.test.autoconfigure.SpringBootDependencyInjectionTestExecutionListener@56c9bbd8, org.springframework.test.context.support.DirtiesContextTestExecutionListener@630cb4a4, org.springframework.test.context.transaction.TransactionalTestExecutionListener@636e8cc, org.springframework.test.context.jdbc.SqlScriptsTestExecutionListener@f79a760, org.springframework.security.test.context.support.WithSecurityContextTestExecutionListener@14f5da2c, org.springframework.security.test.context.support.ReactorContextTestExecutionListener@12dae582, org.springframework.boot.test.mock.mockito.ResetMocksTestExecutionListener@239b0f9d, org.springframework.boot.test.autoconfigure.restdocs.RestDocsTestExecutionListener@619bfe29, org.springframework.boot.test.autoconfigure.web.client.MockRestServiceServerResetTestExecutionListener@5b057c8c, org.springframework.boot.test.autoconfigure.web.servlet.MockMvcPrintOnlyOnFailureTestExecutionListener@1eb6749b, org.springframework.boot.test.autoconfigure.web.servlet.WebDriverTestExecutionListener@652a7737]
12:22:52.494 [main] DEBUG org.springframework.test.annotation.ProfileValueUtils - Retrieved @ProfileValueSourceConfiguration [null] for test class [com.example.demo.SareetaApplicationTests]
12:22:52.496 [main] DEBUG org.springframework.test.annotation.ProfileValueUtils - Retrieved ProfileValueSource type [class org.springframework.test.annotation.SystemProfileValueSource] for class [com.example.demo.SareetaApplicationTests]
12:22:52.497 [main] DEBUG org.springframework.test.annotation.ProfileValueUtils - Retrieved @ProfileValueSourceConfiguration [null] for test class [com.example.demo.SareetaApplicationTests]
12:22:52.498 [main] DEBUG org.springframework.test.annotation.ProfileValueUtils - Retrieved ProfileValueSource type [class org.springframework.test.annotation.SystemProfileValueSource] for class [com.example.demo.SareetaApplicationTests]
12:22:52.507 [main] DEBUG org.springframework.test.annotation.ProfileValueUtils - Retrieved @ProfileValueSourceConfiguration [null] for test class [com.example.demo.SareetaApplicationTests]
12:22:52.507 [main] DEBUG org.springframework.test.annotation.ProfileValueUtils - Retrieved ProfileValueSource type [class org.springframework.test.annotation.SystemProfileValueSource] for class [com.example.demo.SareetaApplicationTests]
12:22:52.511 [main] DEBUG org.springframework.test.context.support.AbstractDirtiesContextTestExecutionListener - Before test class: context [DefaultTestContext@5b04476e testClass = SareetaApplicationTests, testInstance = [null], testMethod = [null], testException = [null], mergedContextConfiguration = [WebMergedContextConfiguration@5ad10c1a testClass = SareetaApplicationTests, locations = '{}', classes = '{class com.example.demo.SareetaApplication}', contextInitializerClasses = '[]', activeProfiles = '{}', propertySourceLocations = '{}', propertySourceProperties = '{org.springframework.boot.test.context.SpringBootTestContextBootstrapper=true}', contextCustomizers = set[org.springframework.boot.test.context.filter.ExcludeFilterContextCustomizer@648c94da, org.springframework.boot.test.json.DuplicateJsonObjectContextCustomizerFactory$DuplicateJsonObjectContextCustomizer@535779e4, org.springframework.boot.test.mock.mockito.MockitoContextCustomizer@0, org.springframework.boot.test.web.client.TestRestTemplateContextCustomizer@7776ab, org.springframework.boot.test.autoconfigure.properties.PropertyMappingContextCustomizer@0, org.springframework.boot.test.autoconfigure.web.servlet.WebDriverContextCustomizerFactory$Customizer@6fb365ed], resourceBasePath = 'src/main/webapp', contextLoader = 'org.springframework.boot.test.context.SpringBootContextLoader', parent = [null]], attributes = map['org.springframework.test.context.web.ServletTestExecutionListener.activateListener' -> true]], class annotated with @DirtiesContext [false] with mode [null].
12:22:52.517 [main] DEBUG org.springframework.test.annotation.ProfileValueUtils - Retrieved @ProfileValueSourceConfiguration [null] for test class [com.example.demo.SareetaApplicationTests]
12:22:52.520 [main] DEBUG org.springframework.test.annotation.ProfileValueUtils - Retrieved ProfileValueSource type [class org.springframework.test.annotation.SystemProfileValueSource] for class [com.example.demo.SareetaApplicationTests]
12:22:52.573 [main] DEBUG org.springframework.test.context.support.TestPropertySourceUtils - Adding inlined properties to environment: {spring.jmx.enabled=false, org.springframework.boot.test.context.SpringBootTestContextBootstrapper=true, server.port=-1}

  .   ____          _            __ _ _
 /\\ / ___'_ __ _ _(_)_ __  __ _ \ \ \ \
( ( )\___ | '_ | '_| | '_ \/ _` | \ \ \ \
 \\/  ___)| |_)| | | | | || (_| |  ) ) ) )
  '  |____| .__|_| |_|_| |_\__, | / / / /
 =========|_|==============|___/=/_/_/_/
 :: Spring Boot ::        (v2.1.5.RELEASE)

2021-06-03 12:22:53.150  INFO 2287 --- [           main] c.example.demo.SareetaApplicationTests   : Starting SareetaApplicationTests on 13a8315f2985 with PID 2287 (started by root in /var/jenkins_home/workspace/eCommerceApplication/starter_code)
2021-06-03 12:22:53.152  INFO 2287 --- [           main] c.example.demo.SareetaApplicationTests   : No active profile set, falling back to default profiles: default
2021-06-03 12:22:54.535  INFO 2287 --- [           main] .s.d.r.c.RepositoryConfigurationDelegate : Bootstrapping Spring Data repositories in DEFAULT mode.
2021-06-03 12:22:54.765  INFO 2287 --- [           main] .s.d.r.c.RepositoryConfigurationDelegate : Finished Spring Data repository scanning in 190ms. Found 4 repository interfaces.
2021-06-03 12:22:55.919  INFO 2287 --- [           main] trationDelegate$BeanPostProcessorChecker : Bean 'org.springframework.transaction.annotation.ProxyTransactionManagementConfiguration' of type [org.springframework.transaction.annotation.ProxyTransactionManagementConfiguration$$EnhancerBySpringCGLIB$$1b5b41a1] is not eligible for getting processed by all BeanPostProcessors (for example: not eligible for auto-proxying)
2021-06-03 12:22:56.287  INFO 2287 --- [           main] com.zaxxer.hikari.HikariDataSource       : HikariPool-1 - Starting...
2021-06-03 12:22:56.603  INFO 2287 --- [           main] com.zaxxer.hikari.HikariDataSource       : HikariPool-1 - Start completed.
2021-06-03 12:22:56.774  INFO 2287 --- [           main] o.hibernate.jpa.internal.util.LogHelper  : HHH000204: Processing PersistenceUnitInfo [
	name: default
	...]
2021-06-03 12:22:56.902  INFO 2287 --- [           main] org.hibernate.Version                    : HHH000412: Hibernate Core {5.3.10.Final}
2021-06-03 12:22:56.905  INFO 2287 --- [           main] org.hibernate.cfg.Environment            : HHH000206: hibernate.properties not found
2021-06-03 12:22:56.981  INFO 2287 --- [           main] o.hibernate.annotations.common.Version   : HCANN000001: Hibernate Commons Annotations {5.0.4.Final}
2021-06-03 12:22:57.193  INFO 2287 --- [           main] org.hibernate.dialect.Dialect            : HHH000400: Using dialect: org.hibernate.dialect.H2Dialect
2021-06-03 12:22:58.281  INFO 2287 --- [           main] j.LocalContainerEntityManagerFactoryBean : Initialized JPA EntityManagerFactory for persistence unit 'default'
2021-06-03 12:22:59.738  WARN 2287 --- [           main] aWebConfiguration$JpaWebMvcConfiguration : spring.jpa.open-in-view is enabled by default. Therefore, database queries may be performed during view rendering. Explicitly configure spring.jpa.open-in-view to disable this warning
2021-06-03 12:23:00.230  INFO 2287 --- [           main] o.s.s.web.DefaultSecurityFilterChain     : Creating filter chain: any request, [org.springframework.security.web.context.request.async.WebAsyncManagerIntegrationFilter@48d5ca17, org.springframework.security.web.context.SecurityContextPersistenceFilter@59f7c106, org.springframework.security.web.header.HeaderWriterFilter@1c011855, org.springframework.web.filter.CorsFilter@226e07e7, org.springframework.security.web.authentication.logout.LogoutFilter@3c71cf3e, com.example.demo.security.JWTAuthenticationFilter@7c31e410, com.example.demo.security.JWTAuthenticationVerficationFilter@9880a15, org.springframework.security.web.savedrequest.RequestCacheAwareFilter@56478522, org.springframework.security.web.servletapi.SecurityContextHolderAwareRequestFilter@500ec769, org.springframework.security.web.authentication.AnonymousAuthenticationFilter@6febec41, org.springframework.security.web.session.SessionManagementFilter@5273143e, org.springframework.security.web.access.ExceptionTranslationFilter@bc8d68b, org.springframework.security.web.access.intercept.FilterSecurityInterceptor@66a472b9]
2021-06-03 12:23:00.864  INFO 2287 --- [           main] o.s.s.concurrent.ThreadPoolTaskExecutor  : Initializing ExecutorService 'applicationTaskExecutor'
2021-06-03 12:23:01.374  INFO 2287 --- [           main] c.example.demo.SareetaApplicationTests   : Started SareetaApplicationTests in 8.786 seconds (JVM running for 11.089)
[INFO] Tests run: 1, Failures: 0, Errors: 0, Skipped: 0, Time elapsed: 9.544 s - in com.example.demo.SareetaApplicationTests
2021-06-03 12:23:01.449  INFO 2287 --- [       Thread-3] o.s.s.concurrent.ThreadPoolTaskExecutor  : Shutting down ExecutorService 'applicationTaskExecutor'
2021-06-03 12:23:01.454  INFO 2287 --- [       Thread-3] j.LocalContainerEntityManagerFactoryBean : Closing JPA EntityManagerFactory for persistence unit 'default'
2021-06-03 12:23:01.458  INFO 2287 --- [       Thread-3] com.zaxxer.hikari.HikariDataSource       : HikariPool-1 - Shutdown initiated...
2021-06-03 12:23:01.464  INFO 2287 --- [       Thread-3] com.zaxxer.hikari.HikariDataSource       : HikariPool-1 - Shutdown completed.
[INFO] 
[INFO] Results:
[INFO] 
[INFO] Tests run: 10, Failures: 0, Errors: 0, Skipped: 0
[INFO] 
[INFO] 
[INFO] --- maven-war-plugin:3.2.2:war (default-war) @ auth-course ---
[INFO] Packaging webapp
[INFO] Assembling webapp [auth-course] in [/var/jenkins_home/workspace/eCommerceApplication/starter_code/target/auth-course-0.0.1-SNAPSHOT]
[INFO] Processing war project
[INFO] Webapp assembled in [280 msecs]
[INFO] Building war: /var/jenkins_home/workspace/eCommerceApplication/starter_code/target/auth-course-0.0.1-SNAPSHOT.war
[INFO] 
[INFO] --- spring-boot-maven-plugin:2.1.5.RELEASE:repackage (repackage) @ auth-course ---
[INFO] Replacing main artifact with repackaged archive
[INFO] ------------------------------------------------------------------------
[INFO] BUILD SUCCESS
[INFO] ------------------------------------------------------------------------
[INFO] Total time:  21.841 s
[INFO] Finished at: 2021-06-03T12:23:05Z
[INFO] ------------------------------------------------------------------------
[DeployPublisher][INFO] Attempting to deploy 1 war file(s)
[DeployPublisher][INFO] Deploying /var/jenkins_home/workspace/eCommerceApplication/starter_code/target/auth-course-0.0.1-SNAPSHOT.war to container Tomcat 9.x Remote with context eCommerceApplication
  Redeploying [/var/jenkins_home/workspace/eCommerceApplication/starter_code/target/auth-course-0.0.1-SNAPSHOT.war]
  Undeploying [/var/jenkins_home/workspace/eCommerceApplication/starter_code/target/auth-course-0.0.1-SNAPSHOT.war]
  Deploying [/var/jenkins_home/workspace/eCommerceApplication/starter_code/target/auth-course-0.0.1-SNAPSHOT.war]
Finished: SUCCESS